Determining if the pthread_create exist failed with the following output:
Change Dir: /home/akshay/src/cartographer_ros/cartographer_rviz/obj-x86_64-linux-gnu/abseil/src/abseil-build/CMakeFiles/CMakeTmp

Run Build Command:"/usr/bin/make" "cmTC_ea77f/fast"
make[5]: Entering directory '/home/akshay/src/cartographer_ros/cartographer_rviz/obj-x86_64-linux-gnu/abseil/src/abseil-build/CMakeFiles/CMakeTmp'
/usr/bin/make -f CMakeFiles/cmTC_ea77f.dir/build.make CMakeFiles/cmTC_ea77f.dir/build
make[6]: Entering directory '/home/akshay/src/cartographer_ros/cartographer_rviz/obj-x86_64-linux-gnu/abseil/src/abseil-build/CMakeFiles/CMakeTmp'
Building C object CMakeFiles/cmTC_ea77f.dir/CheckSymbolExists.c.o
/usr/bin/ccache  gcc   -g -O2 -fstack-protector-strong -Wformat -Werror=format-security   -fPIE   -o CMakeFiles/cmTC_ea77f.dir/CheckSymbolExists.c.o   -c /home/akshay/src/cartographer_ros/cartographer_rviz/obj-x86_64-linux-gnu/abseil/src/abseil-build/CMakeFiles/CMakeTmp/CheckSymbolExists.c
Linking C executable cmTC_ea77f
/usr/bin/cmake -E cmake_link_script CMakeFiles/cmTC_ea77f.dir/link.txt --verbose=1
/usr/bin/ccache  gcc -g -O2 -fstack-protector-strong -Wformat -Werror=format-security      CMakeFiles/cmTC_ea77f.dir/CheckSymbolExists.c.o  -o cmTC_ea77f -rdynamic 
CMakeFiles/cmTC_ea77f.dir/CheckSymbolExists.c.o: In function `main':
/home/akshay/src/cartographer_ros/cartographer_rviz/obj-x86_64-linux-gnu/abseil/src/abseil-build/CMakeFiles/CMakeTmp/CheckSymbolExists.c:8: undefined reference to `pthread_create'
collect2: error: ld returned 1 exit status
CMakeFiles/cmTC_ea77f.dir/build.make:97: recipe for target 'cmTC_ea77f' failed
make[6]: *** [cmTC_ea77f] Error 1
make[6]: Leaving directory '/home/akshay/src/cartographer_ros/cartographer_rviz/obj-x86_64-linux-gnu/abseil/src/abseil-build/CMakeFiles/CMakeTmp'
Makefile:126: recipe for target 'cmTC_ea77f/fast' failed
make[5]: *** [cmTC_ea77f/fast] Error 2
make[5]: Leaving directory '/home/akshay/src/cartographer_ros/cartographer_rviz/obj-x86_64-linux-gnu/abseil/src/abseil-build/CMakeFiles/CMakeTmp'

File /home/akshay/src/cartographer_ros/cartographer_rviz/obj-x86_64-linux-gnu/abseil/src/abseil-build/CMakeFiles/CMakeTmp/CheckSymbolExists.c:
/* */
#include <pthread.h>

int main(int argc, char** argv)
{
  (void)argv;
#ifndef pthread_create
  return ((int*)(&pthread_create))[argc];
#else
  (void)argc;
  return 0;
#endif
}

Determining if the function pthread_create exists in the pthreads failed with the following output:
Change Dir: /home/akshay/src/cartographer_ros/cartographer_rviz/obj-x86_64-linux-gnu/abseil/src/abseil-build/CMakeFiles/CMakeTmp

Run Build Command:"/usr/bin/make" "cmTC_90011/fast"
make[5]: Entering directory '/home/akshay/src/cartographer_ros/cartographer_rviz/obj-x86_64-linux-gnu/abseil/src/abseil-build/CMakeFiles/CMakeTmp'
/usr/bin/make -f CMakeFiles/cmTC_90011.dir/build.make CMakeFiles/cmTC_90011.dir/build
make[6]: Entering directory '/home/akshay/src/cartographer_ros/cartographer_rviz/obj-x86_64-linux-gnu/abseil/src/abseil-build/CMakeFiles/CMakeTmp'
Building C object CMakeFiles/cmTC_90011.dir/CheckFunctionExists.c.o
/usr/bin/ccache  gcc   -g -O2 -fstack-protector-strong -Wformat -Werror=format-security  -DCHECK_FUNCTION_EXISTS=pthread_create -fPIE   -o CMakeFiles/cmTC_90011.dir/CheckFunctionExists.c.o   -c /usr/share/cmake-3.5/Modules/CheckFunctionExists.c
Linking C executable cmTC_90011
/usr/bin/cmake -E cmake_link_script CMakeFiles/cmTC_90011.dir/link.txt --verbose=1
/usr/bin/ccache  gcc -g -O2 -fstack-protector-strong -Wformat -Werror=format-security  -DCHECK_FUNCTION_EXISTS=pthread_create    CMakeFiles/cmTC_90011.dir/CheckFunctionExists.c.o  -o cmTC_90011 -rdynamic -lpthreads 
/usr/bin/ld: cannot find -lpthreads
collect2: error: ld returned 1 exit status
CMakeFiles/cmTC_90011.dir/build.make:97: recipe for target 'cmTC_90011' failed
make[6]: *** [cmTC_90011] Error 1
make[6]: Leaving directory '/home/akshay/src/cartographer_ros/cartographer_rviz/obj-x86_64-linux-gnu/abseil/src/abseil-build/CMakeFiles/CMakeTmp'
Makefile:126: recipe for target 'cmTC_90011/fast' failed
make[5]: *** [cmTC_90011/fast] Error 2
make[5]: Leaving directory '/home/akshay/src/cartographer_ros/cartographer_rviz/obj-x86_64-linux-gnu/abseil/src/abseil-build/CMakeFiles/CMakeTmp'


