Determining if the pthread_create exist failed with the following output:
Change Dir: /home/akshay/src/cartographer_ros/cartographer_ros/obj-x86_64-linux-gnu/CMakeFiles/CMakeTmp

Run Build Command:"/usr/bin/make" "cmTC_3fd9d/fast"
make[2]: Entering directory '/home/akshay/src/cartographer_ros/cartographer_ros/obj-x86_64-linux-gnu/CMakeFiles/CMakeTmp'
/usr/bin/make -f CMakeFiles/cmTC_3fd9d.dir/build.make CMakeFiles/cmTC_3fd9d.dir/build
make[3]: Entering directory '/home/akshay/src/cartographer_ros/cartographer_ros/obj-x86_64-linux-gnu/CMakeFiles/CMakeTmp'
Building C object CMakeFiles/cmTC_3fd9d.dir/CheckSymbolExists.c.o
/usr/bin/ccache  gcc   -g -O2 -fstack-protector-strong -Wformat -Werror=format-security -Wdate-time -D_FORTIFY_SOURCE=2     -o CMakeFiles/cmTC_3fd9d.dir/CheckSymbolExists.c.o   -c /home/akshay/src/cartographer_ros/cartographer_ros/obj-x86_64-linux-gnu/CMakeFiles/CMakeTmp/CheckSymbolExists.c
Linking C executable cmTC_3fd9d
/usr/bin/cmake -E cmake_link_script CMakeFiles/cmTC_3fd9d.dir/link.txt --verbose=1
/usr/bin/ccache  gcc -g -O2 -fstack-protector-strong -Wformat -Werror=format-security -Wdate-time -D_FORTIFY_SOURCE=2      CMakeFiles/cmTC_3fd9d.dir/CheckSymbolExists.c.o  -o cmTC_3fd9d -rdynamic 
CMakeFiles/cmTC_3fd9d.dir/CheckSymbolExists.c.o: In function `main':
/home/akshay/src/cartographer_ros/cartographer_ros/obj-x86_64-linux-gnu/CMakeFiles/CMakeTmp/CheckSymbolExists.c:8: undefined reference to `pthread_create'
collect2: error: ld returned 1 exit status
CMakeFiles/cmTC_3fd9d.dir/build.make:97: recipe for target 'cmTC_3fd9d' failed
make[3]: *** [cmTC_3fd9d] Error 1
make[3]: Leaving directory '/home/akshay/src/cartographer_ros/cartographer_ros/obj-x86_64-linux-gnu/CMakeFiles/CMakeTmp'
Makefile:126: recipe for target 'cmTC_3fd9d/fast' failed
make[2]: *** [cmTC_3fd9d/fast] Error 2
make[2]: Leaving directory '/home/akshay/src/cartographer_ros/cartographer_ros/obj-x86_64-linux-gnu/CMakeFiles/CMakeTmp'

File /home/akshay/src/cartographer_ros/cartographer_ros/obj-x86_64-linux-gnu/CMakeFiles/CMakeTmp/CheckSymbolExists.c:
/* */
#include <pthread.h>

int main(int argc, char** argv)
{
  (void)argv;
#ifndef pthread_create
  return ((int*)(&pthread_create))[argc];
#else
  (void)argc;
  return 0;
#endif
}

Determining if the function pthread_create exists in the pthreads failed with the following output:
Change Dir: /home/akshay/src/cartographer_ros/cartographer_ros/obj-x86_64-linux-gnu/CMakeFiles/CMakeTmp

Run Build Command:"/usr/bin/make" "cmTC_7d2f9/fast"
make[2]: Entering directory '/home/akshay/src/cartographer_ros/cartographer_ros/obj-x86_64-linux-gnu/CMakeFiles/CMakeTmp'
/usr/bin/make -f CMakeFiles/cmTC_7d2f9.dir/build.make CMakeFiles/cmTC_7d2f9.dir/build
make[3]: Entering directory '/home/akshay/src/cartographer_ros/cartographer_ros/obj-x86_64-linux-gnu/CMakeFiles/CMakeTmp'
Building C object CMakeFiles/cmTC_7d2f9.dir/CheckFunctionExists.c.o
/usr/bin/ccache  gcc   -g -O2 -fstack-protector-strong -Wformat -Werror=format-security -Wdate-time -D_FORTIFY_SOURCE=2  -DCHECK_FUNCTION_EXISTS=pthread_create   -o CMakeFiles/cmTC_7d2f9.dir/CheckFunctionExists.c.o   -c /usr/share/cmake-3.5/Modules/CheckFunctionExists.c
Linking C executable cmTC_7d2f9
/usr/bin/cmake -E cmake_link_script CMakeFiles/cmTC_7d2f9.dir/link.txt --verbose=1
/usr/bin/ccache  gcc -g -O2 -fstack-protector-strong -Wformat -Werror=format-security -Wdate-time -D_FORTIFY_SOURCE=2  -DCHECK_FUNCTION_EXISTS=pthread_create    CMakeFiles/cmTC_7d2f9.dir/CheckFunctionExists.c.o  -o cmTC_7d2f9 -rdynamic -lpthreads 
/usr/bin/ld: cannot find -lpthreads
collect2: error: ld returned 1 exit status
CMakeFiles/cmTC_7d2f9.dir/build.make:97: recipe for target 'cmTC_7d2f9' failed
make[3]: *** [cmTC_7d2f9] Error 1
make[3]: Leaving directory '/home/akshay/src/cartographer_ros/cartographer_ros/obj-x86_64-linux-gnu/CMakeFiles/CMakeTmp'
Makefile:126: recipe for target 'cmTC_7d2f9/fast' failed
make[2]: *** [cmTC_7d2f9/fast] Error 2
make[2]: Leaving directory '/home/akshay/src/cartographer_ros/cartographer_ros/obj-x86_64-linux-gnu/CMakeFiles/CMakeTmp'


