Determining if the pthread_create exist failed with the following output:
Change Dir: /home/akshay/src/cartographer_ros/cartographer_rviz/obj-x86_64-linux-gnu/CMakeFiles/CMakeTmp

Run Build Command:"/usr/bin/make" "cmTC_95b43/fast"
make[2]: Entering directory '/home/akshay/src/cartographer_ros/cartographer_rviz/obj-x86_64-linux-gnu/CMakeFiles/CMakeTmp'
/usr/bin/make -f CMakeFiles/cmTC_95b43.dir/build.make CMakeFiles/cmTC_95b43.dir/build
make[3]: Entering directory '/home/akshay/src/cartographer_ros/cartographer_rviz/obj-x86_64-linux-gnu/CMakeFiles/CMakeTmp'
Building C object CMakeFiles/cmTC_95b43.dir/CheckSymbolExists.c.o
/usr/bin/ccache  gcc   -g -O2 -fstack-protector-strong -Wformat -Werror=format-security -Wdate-time -D_FORTIFY_SOURCE=2     -o CMakeFiles/cmTC_95b43.dir/CheckSymbolExists.c.o   -c /home/akshay/src/cartographer_ros/cartographer_rviz/obj-x86_64-linux-gnu/CMakeFiles/CMakeTmp/CheckSymbolExists.c
Linking C executable cmTC_95b43
/usr/bin/cmake -E cmake_link_script CMakeFiles/cmTC_95b43.dir/link.txt --verbose=1
/usr/bin/ccache  gcc -g -O2 -fstack-protector-strong -Wformat -Werror=format-security -Wdate-time -D_FORTIFY_SOURCE=2      CMakeFiles/cmTC_95b43.dir/CheckSymbolExists.c.o  -o cmTC_95b43 -rdynamic 
CMakeFiles/cmTC_95b43.dir/CheckSymbolExists.c.o: In function `main':
/home/akshay/src/cartographer_ros/cartographer_rviz/obj-x86_64-linux-gnu/CMakeFiles/CMakeTmp/CheckSymbolExists.c:8: undefined reference to `pthread_create'
collect2: error: ld returned 1 exit status
CMakeFiles/cmTC_95b43.dir/build.make:97: recipe for target 'cmTC_95b43' failed
make[3]: *** [cmTC_95b43] Error 1
make[3]: Leaving directory '/home/akshay/src/cartographer_ros/cartographer_rviz/obj-x86_64-linux-gnu/CMakeFiles/CMakeTmp'
Makefile:126: recipe for target 'cmTC_95b43/fast' failed
make[2]: *** [cmTC_95b43/fast] Error 2
make[2]: Leaving directory '/home/akshay/src/cartographer_ros/cartographer_rviz/obj-x86_64-linux-gnu/CMakeFiles/CMakeTmp'

File /home/akshay/src/cartographer_ros/cartographer_rviz/obj-x86_64-linux-gnu/CMakeFiles/CMakeTmp/CheckSymbolExists.c:
/* */
#include <pthread.h>

int main(int argc, char** argv)
{
  (void)argv;
#ifndef pthread_create
  return ((int*)(&pthread_create))[argc];
#else
  (void)argc;
  return 0;
#endif
}

Determining if the function pthread_create exists in the pthreads failed with the following output:
Change Dir: /home/akshay/src/cartographer_ros/cartographer_rviz/obj-x86_64-linux-gnu/CMakeFiles/CMakeTmp

Run Build Command:"/usr/bin/make" "cmTC_7c39f/fast"
make[2]: Entering directory '/home/akshay/src/cartographer_ros/cartographer_rviz/obj-x86_64-linux-gnu/CMakeFiles/CMakeTmp'
/usr/bin/make -f CMakeFiles/cmTC_7c39f.dir/build.make CMakeFiles/cmTC_7c39f.dir/build
make[3]: Entering directory '/home/akshay/src/cartographer_ros/cartographer_rviz/obj-x86_64-linux-gnu/CMakeFiles/CMakeTmp'
Building C object CMakeFiles/cmTC_7c39f.dir/CheckFunctionExists.c.o
/usr/bin/ccache  gcc   -g -O2 -fstack-protector-strong -Wformat -Werror=format-security -Wdate-time -D_FORTIFY_SOURCE=2  -DCHECK_FUNCTION_EXISTS=pthread_create   -o CMakeFiles/cmTC_7c39f.dir/CheckFunctionExists.c.o   -c /usr/share/cmake-3.5/Modules/CheckFunctionExists.c
Linking C executable cmTC_7c39f
/usr/bin/cmake -E cmake_link_script CMakeFiles/cmTC_7c39f.dir/link.txt --verbose=1
/usr/bin/ccache  gcc -g -O2 -fstack-protector-strong -Wformat -Werror=format-security -Wdate-time -D_FORTIFY_SOURCE=2  -DCHECK_FUNCTION_EXISTS=pthread_create    CMakeFiles/cmTC_7c39f.dir/CheckFunctionExists.c.o  -o cmTC_7c39f -rdynamic -lpthreads 
/usr/bin/ld: cannot find -lpthreads
collect2: error: ld returned 1 exit status
CMakeFiles/cmTC_7c39f.dir/build.make:97: recipe for target 'cmTC_7c39f' failed
make[3]: *** [cmTC_7c39f] Error 1
make[3]: Leaving directory '/home/akshay/src/cartographer_ros/cartographer_rviz/obj-x86_64-linux-gnu/CMakeFiles/CMakeTmp'
Makefile:126: recipe for target 'cmTC_7c39f/fast' failed
make[2]: *** [cmTC_7c39f/fast] Error 2
make[2]: Leaving directory '/home/akshay/src/cartographer_ros/cartographer_rviz/obj-x86_64-linux-gnu/CMakeFiles/CMakeTmp'


